[2024-12-10T05:42:46.113+0000] {local_task_job_runner.py:123} INFO - ::group::Pre task execution logs
[2024-12-10T05:42:46.152+0000] {taskinstance.py:2613} INFO - Dependencies all met for dep_context=non-requeueable deps ti=<TaskInstance: exchange_rate_etl.send_email scheduled__2024-12-09T00:00:00+00:00 [queued]>
[2024-12-10T05:42:46.178+0000] {taskinstance.py:2613} INFO - Dependencies all met for dep_context=requeueable deps ti=<TaskInstance: exchange_rate_etl.send_email scheduled__2024-12-09T00:00:00+00:00 [queued]>
[2024-12-10T05:42:46.181+0000] {taskinstance.py:2866} INFO - Starting attempt 1 of 3
[2024-12-10T05:42:46.523+0000] {taskinstance.py:2889} INFO - Executing <Task(EmailOperator): send_email> on 2024-12-09 00:00:00+00:00
[2024-12-10T05:42:46.543+0000] {standard_task_runner.py:104} INFO - Running: ['airflow', 'tasks', 'run', 'exchange_rate_etl', 'send_email', 'scheduled__2024-12-09T00:00:00+00:00', '--job-id', '62', '--raw', '--subdir', 'DAGS_FOLDER/exchange_rate_pipeline.py', '--cfg-path', '/tmp/tmppykqqmi5']
[2024-12-10T05:42:46.550+0000] {standard_task_runner.py:105} INFO - Job 62: Subtask send_email
[2024-12-10T05:42:46.550+0000] {logging_mixin.py:190} WARNING - /home/airflow/.local/lib/python3.12/site-packages/airflow/task/task_runner/standard_task_runner.py:70 DeprecationWarning: This process (pid=144) is multi-threaded, use of fork() may lead to deadlocks in the child.
[2024-12-10T05:42:46.552+0000] {standard_task_runner.py:72} INFO - Started process 154 to run task
[2024-12-10T05:42:46.715+0000] {task_command.py:467} INFO - Running <TaskInstance: exchange_rate_etl.send_email scheduled__2024-12-09T00:00:00+00:00 [running]> on host 3b52651fb1ad
[2024-12-10T05:42:46.995+0000] {taskinstance.py:3132} INFO - Exporting env vars: AIRFLOW_CTX_DAG_OWNER='airflow' AIRFLOW_CTX_DAG_ID='exchange_rate_etl' AIRFLOW_CTX_TASK_ID='send_email' AIRFLOW_CTX_EXECUTION_DATE='2024-12-09T00:00:00+00:00' AIRFLOW_CTX_TRY_NUMBER='1' AIRFLOW_CTX_DAG_RUN_ID='scheduled__2024-12-09T00:00:00+00:00'
[2024-12-10T05:42:46.997+0000] {taskinstance.py:731} INFO - ::endgroup::
[2024-12-10T05:42:47.064+0000] {logging_mixin.py:190} WARNING - /home/airflow/.local/lib/python3.12/site-packages/airflow/utils/email.py:155 RemovedInAirflow3Warning: Fetching SMTP credentials from configuration variables will be deprecated in a future release. Please set credentials using a connection instead.
[2024-12-10T05:42:47.065+0000] {configuration.py:1073} WARNING - section/key [smtp/smtp_user] not found in config
[2024-12-10T05:42:47.066+0000] {email.py:272} INFO - Email alerting: attempt 1
[2024-12-10T05:42:47.118+0000] {email.py:283} INFO - Sent an alert email to ['usathya1510@gmail.com']
[2024-12-10T05:42:47.184+0000] {taskinstance.py:340} INFO - ::group::Post task execution logs
[2024-12-10T05:42:47.185+0000] {taskinstance.py:352} INFO - Marking task as SUCCESS. dag_id=exchange_rate_etl, task_id=send_email, run_id=scheduled__2024-12-09T00:00:00+00:00, execution_date=20241209T000000, start_date=20241210T054246, end_date=20241210T054247
[2024-12-10T05:42:47.335+0000] {local_task_job_runner.py:266} INFO - Task exited with return code 0
[2024-12-10T05:42:47.374+0000] {taskinstance.py:3895} INFO - 0 downstream tasks scheduled from follow-on schedule check
[2024-12-10T05:42:47.377+0000] {local_task_job_runner.py:245} INFO - ::endgroup::
