[2024-12-08T05:01:05.671+0000] {local_task_job_runner.py:123} INFO - ::group::Pre task execution logs
[2024-12-08T05:01:05.733+0000] {taskinstance.py:2613} INFO - Dependencies all met for dep_context=non-requeueable deps ti=<TaskInstance: exchange_rate_etl.send_email scheduled__2024-12-07T00:00:00+00:00 [queued]>
[2024-12-08T05:01:05.771+0000] {taskinstance.py:2613} INFO - Dependencies all met for dep_context=requeueable deps ti=<TaskInstance: exchange_rate_etl.send_email scheduled__2024-12-07T00:00:00+00:00 [queued]>
[2024-12-08T05:01:05.775+0000] {taskinstance.py:2866} INFO - Starting attempt 1 of 3
[2024-12-08T05:01:05.890+0000] {taskinstance.py:2889} INFO - Executing <Task(EmailOperator): send_email> on 2024-12-07 00:00:00+00:00
[2024-12-08T05:01:05.912+0000] {standard_task_runner.py:104} INFO - Running: ['airflow', 'tasks', 'run', 'exchange_rate_etl', 'send_email', 'scheduled__2024-12-07T00:00:00+00:00', '--job-id', '35', '--raw', '--subdir', 'DAGS_FOLDER/exchange_rate_pipeline.py', '--cfg-path', '/tmp/tmpthoix1tx']
[2024-12-08T05:01:05.918+0000] {logging_mixin.py:190} WARNING - /home/airflow/.local/lib/python3.12/site-packages/airflow/task/task_runner/standard_task_runner.py:70 DeprecationWarning: This process (pid=144) is multi-threaded, use of fork() may lead to deadlocks in the child.
[2024-12-08T05:01:05.920+0000] {standard_task_runner.py:105} INFO - Job 35: Subtask send_email
[2024-12-08T05:01:05.921+0000] {standard_task_runner.py:72} INFO - Started process 154 to run task
[2024-12-08T05:01:06.196+0000] {task_command.py:467} INFO - Running <TaskInstance: exchange_rate_etl.send_email scheduled__2024-12-07T00:00:00+00:00 [running]> on host 6f61f2080b50
[2024-12-08T05:01:06.503+0000] {taskinstance.py:3132} INFO - Exporting env vars: AIRFLOW_CTX_DAG_OWNER='airflow' AIRFLOW_CTX_DAG_ID='exchange_rate_etl' AIRFLOW_CTX_TASK_ID='send_email' AIRFLOW_CTX_EXECUTION_DATE='2024-12-07T00:00:00+00:00' AIRFLOW_CTX_TRY_NUMBER='1' AIRFLOW_CTX_DAG_RUN_ID='scheduled__2024-12-07T00:00:00+00:00'
[2024-12-08T05:01:06.505+0000] {taskinstance.py:731} INFO - ::endgroup::
[2024-12-08T05:01:06.614+0000] {logging_mixin.py:190} WARNING - /home/airflow/.local/lib/python3.12/site-packages/airflow/utils/email.py:155 RemovedInAirflow3Warning: Fetching SMTP credentials from configuration variables will be deprecated in a future release. Please set credentials using a connection instead.
[2024-12-08T05:01:06.616+0000] {configuration.py:1073} WARNING - section/key [smtp/smtp_user] not found in config
[2024-12-08T05:01:06.617+0000] {email.py:272} INFO - Email alerting: attempt 1
[2024-12-08T05:01:06.671+0000] {email.py:283} INFO - Sent an alert email to ['usathya1510@gmail.com']
[2024-12-08T05:01:06.733+0000] {taskinstance.py:340} INFO - ::group::Post task execution logs
[2024-12-08T05:01:06.735+0000] {taskinstance.py:352} INFO - Marking task as SUCCESS. dag_id=exchange_rate_etl, task_id=send_email, run_id=scheduled__2024-12-07T00:00:00+00:00, execution_date=20241207T000000, start_date=20241208T050105, end_date=20241208T050106
[2024-12-08T05:01:06.914+0000] {local_task_job_runner.py:266} INFO - Task exited with return code 0
[2024-12-08T05:01:06.978+0000] {taskinstance.py:3895} INFO - 0 downstream tasks scheduled from follow-on schedule check
[2024-12-08T05:01:06.993+0000] {local_task_job_runner.py:245} INFO - ::endgroup::
