[2024-12-09T09:22:47.366+0000] {processor.py:186} INFO - Started process (PID=59) to work on /opt/airflow/dags/mlops.py
[2024-12-09T09:22:47.374+0000] {processor.py:914} INFO - Processing file /opt/airflow/dags/mlops.py for tasks to queue
[2024-12-09T09:22:47.397+0000] {logging_mixin.py:190} INFO - [2024-12-09T09:22:47.394+0000] {dagbag.py:588} INFO - Filling up the DagBag from /opt/airflow/dags/mlops.py
[2024-12-09T09:22:49.876+0000] {processor.py:925} INFO - DAG(s) 'mlops_airflow_pipeline' retrieved from /opt/airflow/dags/mlops.py
[2024-12-09T09:22:50.967+0000] {logging_mixin.py:190} INFO - [2024-12-09T09:22:50.965+0000] {override.py:1911} INFO - Created Permission View: can read on DAG:mlops_airflow_pipeline
[2024-12-09T09:22:51.043+0000] {logging_mixin.py:190} INFO - [2024-12-09T09:22:51.043+0000] {override.py:1911} INFO - Created Permission View: can delete on DAG:mlops_airflow_pipeline
[2024-12-09T09:22:51.119+0000] {logging_mixin.py:190} INFO - [2024-12-09T09:22:51.118+0000] {override.py:1911} INFO - Created Permission View: can edit on DAG:mlops_airflow_pipeline
[2024-12-09T09:22:51.231+0000] {logging_mixin.py:190} INFO - [2024-12-09T09:22:51.231+0000] {override.py:1911} INFO - Created Permission View: can create on DAG Run:mlops_airflow_pipeline
[2024-12-09T09:22:51.302+0000] {logging_mixin.py:190} INFO - [2024-12-09T09:22:51.301+0000] {override.py:1911} INFO - Created Permission View: can read on DAG Run:mlops_airflow_pipeline
[2024-12-09T09:22:51.373+0000] {logging_mixin.py:190} INFO - [2024-12-09T09:22:51.372+0000] {override.py:1911} INFO - Created Permission View: can delete on DAG Run:mlops_airflow_pipeline
[2024-12-09T09:22:51.441+0000] {logging_mixin.py:190} INFO - [2024-12-09T09:22:51.440+0000] {override.py:1911} INFO - Created Permission View: menu access on DAG Run:mlops_airflow_pipeline
[2024-12-09T09:22:51.443+0000] {logging_mixin.py:190} INFO - [2024-12-09T09:22:51.442+0000] {dag.py:3239} INFO - Sync 1 DAGs
[2024-12-09T09:22:51.486+0000] {logging_mixin.py:190} INFO - [2024-12-09T09:22:51.485+0000] {dag.py:3262} INFO - Creating ORM DAG for mlops_airflow_pipeline
[2024-12-09T09:22:51.519+0000] {logging_mixin.py:190} INFO - [2024-12-09T09:22:51.519+0000] {dag.py:4180} INFO - Setting next_dagrun for mlops_airflow_pipeline to 2024-12-08 00:00:00+00:00, run_after=2024-12-09 00:00:00+00:00
[2024-12-09T09:22:51.635+0000] {processor.py:208} INFO - Processing /opt/airflow/dags/mlops.py took 4.350 seconds
[2024-12-09T09:24:08.937+0000] {processor.py:186} INFO - Started process (PID=163) to work on /opt/airflow/dags/mlops.py
[2024-12-09T09:24:08.940+0000] {processor.py:914} INFO - Processing file /opt/airflow/dags/mlops.py for tasks to queue
[2024-12-09T09:24:08.946+0000] {logging_mixin.py:190} INFO - [2024-12-09T09:24:08.945+0000] {dagbag.py:588} INFO - Filling up the DagBag from /opt/airflow/dags/mlops.py
[2024-12-09T09:24:11.526+0000] {processor.py:925} INFO - DAG(s) 'mlops_airflow_pipeline' retrieved from /opt/airflow/dags/mlops.py
[2024-12-09T09:24:11.598+0000] {logging_mixin.py:190} INFO - [2024-12-09T09:24:11.597+0000] {dag.py:3239} INFO - Sync 1 DAGs
[2024-12-09T09:24:11.666+0000] {logging_mixin.py:190} INFO - [2024-12-09T09:24:11.665+0000] {dag.py:4180} INFO - Setting next_dagrun for mlops_airflow_pipeline to 2024-12-08 00:00:00+00:00, run_after=2024-12-09 00:00:00+00:00
[2024-12-09T09:24:11.797+0000] {processor.py:208} INFO - Processing /opt/airflow/dags/mlops.py took 2.872 seconds
[2024-12-09T09:24:48.408+0000] {processor.py:186} INFO - Started process (PID=211) to work on /opt/airflow/dags/mlops.py
[2024-12-09T09:24:48.413+0000] {processor.py:914} INFO - Processing file /opt/airflow/dags/mlops.py for tasks to queue
[2024-12-09T09:24:48.430+0000] {logging_mixin.py:190} INFO - [2024-12-09T09:24:48.429+0000] {dagbag.py:588} INFO - Filling up the DagBag from /opt/airflow/dags/mlops.py
[2024-12-09T09:24:50.248+0000] {processor.py:925} INFO - DAG(s) 'mlops_airflow_pipeline' retrieved from /opt/airflow/dags/mlops.py
[2024-12-09T09:24:50.358+0000] {logging_mixin.py:190} INFO - [2024-12-09T09:24:50.356+0000] {dag.py:3239} INFO - Sync 1 DAGs
[2024-12-09T09:24:50.582+0000] {logging_mixin.py:190} INFO - [2024-12-09T09:24:50.581+0000] {dag.py:4180} INFO - Setting next_dagrun for mlops_airflow_pipeline to 2024-12-09 00:00:00+00:00, run_after=2024-12-10 00:00:00+00:00
[2024-12-09T09:24:50.857+0000] {processor.py:208} INFO - Processing /opt/airflow/dags/mlops.py took 2.497 seconds
[2024-12-09T09:25:23.616+0000] {processor.py:186} INFO - Started process (PID=259) to work on /opt/airflow/dags/mlops.py
[2024-12-09T09:25:23.618+0000] {processor.py:914} INFO - Processing file /opt/airflow/dags/mlops.py for tasks to queue
[2024-12-09T09:25:23.623+0000] {logging_mixin.py:190} INFO - [2024-12-09T09:25:23.622+0000] {dagbag.py:588} INFO - Filling up the DagBag from /opt/airflow/dags/mlops.py
[2024-12-09T09:25:24.984+0000] {processor.py:925} INFO - DAG(s) 'mlops_airflow_pipeline' retrieved from /opt/airflow/dags/mlops.py
[2024-12-09T09:25:25.062+0000] {logging_mixin.py:190} INFO - [2024-12-09T09:25:25.061+0000] {dag.py:3239} INFO - Sync 1 DAGs
[2024-12-09T09:25:25.157+0000] {logging_mixin.py:190} INFO - [2024-12-09T09:25:25.156+0000] {dag.py:4180} INFO - Setting next_dagrun for mlops_airflow_pipeline to 2024-12-09 00:00:00+00:00, run_after=2024-12-10 00:00:00+00:00
[2024-12-09T09:25:25.378+0000] {processor.py:208} INFO - Processing /opt/airflow/dags/mlops.py took 1.772 seconds
[2024-12-09T09:25:55.989+0000] {processor.py:186} INFO - Started process (PID=269) to work on /opt/airflow/dags/mlops.py
[2024-12-09T09:25:55.992+0000] {processor.py:914} INFO - Processing file /opt/airflow/dags/mlops.py for tasks to queue
[2024-12-09T09:25:56.000+0000] {logging_mixin.py:190} INFO - [2024-12-09T09:25:55.999+0000] {dagbag.py:588} INFO - Filling up the DagBag from /opt/airflow/dags/mlops.py
[2024-12-09T09:25:57.510+0000] {processor.py:925} INFO - DAG(s) 'mlops_airflow_pipeline' retrieved from /opt/airflow/dags/mlops.py
[2024-12-09T09:25:57.587+0000] {logging_mixin.py:190} INFO - [2024-12-09T09:25:57.586+0000] {dag.py:3239} INFO - Sync 1 DAGs
[2024-12-09T09:25:57.663+0000] {logging_mixin.py:190} INFO - [2024-12-09T09:25:57.662+0000] {dag.py:4180} INFO - Setting next_dagrun for mlops_airflow_pipeline to 2024-12-09 00:00:00+00:00, run_after=2024-12-10 00:00:00+00:00
[2024-12-09T09:25:58.200+0000] {processor.py:208} INFO - Processing /opt/airflow/dags/mlops.py took 2.230 seconds
[2024-12-09T09:26:29.272+0000] {processor.py:186} INFO - Started process (PID=279) to work on /opt/airflow/dags/mlops.py
[2024-12-09T09:26:29.275+0000] {processor.py:914} INFO - Processing file /opt/airflow/dags/mlops.py for tasks to queue
[2024-12-09T09:26:29.283+0000] {logging_mixin.py:190} INFO - [2024-12-09T09:26:29.281+0000] {dagbag.py:588} INFO - Filling up the DagBag from /opt/airflow/dags/mlops.py
[2024-12-09T09:26:30.892+0000] {processor.py:925} INFO - DAG(s) 'mlops_airflow_pipeline' retrieved from /opt/airflow/dags/mlops.py
[2024-12-09T09:26:31.025+0000] {logging_mixin.py:190} INFO - [2024-12-09T09:26:31.024+0000] {dag.py:3239} INFO - Sync 1 DAGs
[2024-12-09T09:26:31.394+0000] {logging_mixin.py:190} INFO - [2024-12-09T09:26:31.394+0000] {dag.py:4180} INFO - Setting next_dagrun for mlops_airflow_pipeline to 2024-12-09 00:00:00+00:00, run_after=2024-12-10 00:00:00+00:00
[2024-12-09T09:26:31.608+0000] {processor.py:208} INFO - Processing /opt/airflow/dags/mlops.py took 2.355 seconds
[2024-12-09T09:27:02.159+0000] {processor.py:186} INFO - Started process (PID=289) to work on /opt/airflow/dags/mlops.py
[2024-12-09T09:27:02.162+0000] {processor.py:914} INFO - Processing file /opt/airflow/dags/mlops.py for tasks to queue
[2024-12-09T09:27:02.168+0000] {logging_mixin.py:190} INFO - [2024-12-09T09:27:02.167+0000] {dagbag.py:588} INFO - Filling up the DagBag from /opt/airflow/dags/mlops.py
[2024-12-09T09:27:03.564+0000] {processor.py:925} INFO - DAG(s) 'mlops_airflow_pipeline' retrieved from /opt/airflow/dags/mlops.py
[2024-12-09T09:27:03.642+0000] {logging_mixin.py:190} INFO - [2024-12-09T09:27:03.641+0000] {dag.py:3239} INFO - Sync 1 DAGs
[2024-12-09T09:27:04.013+0000] {logging_mixin.py:190} INFO - [2024-12-09T09:27:04.012+0000] {dag.py:4180} INFO - Setting next_dagrun for mlops_airflow_pipeline to 2024-12-09 00:00:00+00:00, run_after=2024-12-10 00:00:00+00:00
[2024-12-09T09:27:04.155+0000] {processor.py:208} INFO - Processing /opt/airflow/dags/mlops.py took 2.010 seconds
[2024-12-09T09:27:18.828+0000] {processor.py:186} INFO - Started process (PID=297) to work on /opt/airflow/dags/mlops.py
[2024-12-09T09:27:18.831+0000] {processor.py:914} INFO - Processing file /opt/airflow/dags/mlops.py for tasks to queue
[2024-12-09T09:27:18.840+0000] {logging_mixin.py:190} INFO - [2024-12-09T09:27:18.838+0000] {dagbag.py:588} INFO - Filling up the DagBag from /opt/airflow/dags/mlops.py
[2024-12-09T09:27:18.882+0000] {logging_mixin.py:190} INFO - [2024-12-09T09:27:18.879+0000] {dagbag.py:387} ERROR - Failed to import: /opt/airflow/dags/mlops.py
Traceback (most recent call last):
  File "/home/airflow/.local/lib/python3.12/site-packages/airflow/models/dagbag.py", line 383, in parse
    loader.exec_module(new_module)
  File "<frozen importlib._bootstrap_external>", line 991, in exec_module
  File "<frozen importlib._bootstrap_external>", line 1129, in get_code
  File "<frozen importlib._bootstrap_external>", line 1059, in source_to_code
  File "<frozen importlib._bootstrap>", line 488, in _call_with_frames_removed
  File "/opt/airflow/dags/mlops.py", line 12
    MODEL_PATH = "C:\Users\surya\OneDrive\Desktop\airflow_tutorial\airflow\model"
                 ^^^^^^^^^^^^^^^^^^^^^^^^^^^^^^^^^^^^^^^^^^^^^^^^^^^^^^^^^^^^^^^^
SyntaxError: (unicode error) 'unicodeescape' codec can't decode bytes in position 2-3: truncated \UXXXXXXXX escape
[2024-12-09T09:27:18.884+0000] {processor.py:927} WARNING - No viable dags retrieved from /opt/airflow/dags/mlops.py
[2024-12-09T09:27:18.958+0000] {processor.py:208} INFO - Processing /opt/airflow/dags/mlops.py took 0.146 seconds
[2024-12-09T09:28:32.558+0000] {processor.py:186} INFO - Started process (PID=59) to work on /opt/airflow/dags/mlops.py
[2024-12-09T09:28:32.562+0000] {processor.py:914} INFO - Processing file /opt/airflow/dags/mlops.py for tasks to queue
[2024-12-09T09:28:32.574+0000] {logging_mixin.py:190} INFO - [2024-12-09T09:28:32.572+0000] {dagbag.py:588} INFO - Filling up the DagBag from /opt/airflow/dags/mlops.py
[2024-12-09T09:28:32.624+0000] {logging_mixin.py:190} INFO - [2024-12-09T09:28:32.621+0000] {dagbag.py:387} ERROR - Failed to import: /opt/airflow/dags/mlops.py
Traceback (most recent call last):
  File "/home/airflow/.local/lib/python3.12/site-packages/airflow/models/dagbag.py", line 383, in parse
    loader.exec_module(new_module)
  File "<frozen importlib._bootstrap_external>", line 991, in exec_module
  File "<frozen importlib._bootstrap_external>", line 1129, in get_code
  File "<frozen importlib._bootstrap_external>", line 1059, in source_to_code
  File "<frozen importlib._bootstrap>", line 488, in _call_with_frames_removed
  File "/opt/airflow/dags/mlops.py", line 12
    MODEL_PATH = "C:\Users\surya\OneDrive\Desktop\airflow_tutorial\airflow\model"
                 ^^^^^^^^^^^^^^^^^^^^^^^^^^^^^^^^^^^^^^^^^^^^^^^^^^^^^^^^^^^^^^^^
SyntaxError: (unicode error) 'unicodeescape' codec can't decode bytes in position 2-3: truncated \UXXXXXXXX escape
[2024-12-09T09:28:32.626+0000] {processor.py:927} WARNING - No viable dags retrieved from /opt/airflow/dags/mlops.py
[2024-12-09T09:28:32.701+0000] {processor.py:208} INFO - Processing /opt/airflow/dags/mlops.py took 0.169 seconds
[2024-12-09T09:29:02.881+0000] {processor.py:186} INFO - Started process (PID=72) to work on /opt/airflow/dags/mlops.py
[2024-12-09T09:29:02.884+0000] {processor.py:914} INFO - Processing file /opt/airflow/dags/mlops.py for tasks to queue
[2024-12-09T09:29:02.890+0000] {logging_mixin.py:190} INFO - [2024-12-09T09:29:02.889+0000] {dagbag.py:588} INFO - Filling up the DagBag from /opt/airflow/dags/mlops.py
[2024-12-09T09:29:02.944+0000] {logging_mixin.py:190} INFO - [2024-12-09T09:29:02.941+0000] {dagbag.py:387} ERROR - Failed to import: /opt/airflow/dags/mlops.py
Traceback (most recent call last):
  File "/home/airflow/.local/lib/python3.12/site-packages/airflow/models/dagbag.py", line 383, in parse
    loader.exec_module(new_module)
  File "<frozen importlib._bootstrap_external>", line 991, in exec_module
  File "<frozen importlib._bootstrap_external>", line 1129, in get_code
  File "<frozen importlib._bootstrap_external>", line 1059, in source_to_code
  File "<frozen importlib._bootstrap>", line 488, in _call_with_frames_removed
  File "/opt/airflow/dags/mlops.py", line 12
    MODEL_PATH = "C:\Users\surya\OneDrive\Desktop\airflow_tutorial\airflow\model"
                 ^^^^^^^^^^^^^^^^^^^^^^^^^^^^^^^^^^^^^^^^^^^^^^^^^^^^^^^^^^^^^^^^
SyntaxError: (unicode error) 'unicodeescape' codec can't decode bytes in position 2-3: truncated \UXXXXXXXX escape
[2024-12-09T09:29:02.946+0000] {processor.py:927} WARNING - No viable dags retrieved from /opt/airflow/dags/mlops.py
[2024-12-09T09:29:03.041+0000] {processor.py:208} INFO - Processing /opt/airflow/dags/mlops.py took 0.172 seconds
[2024-12-09T09:29:33.489+0000] {processor.py:186} INFO - Started process (PID=85) to work on /opt/airflow/dags/mlops.py
[2024-12-09T09:29:33.492+0000] {processor.py:914} INFO - Processing file /opt/airflow/dags/mlops.py for tasks to queue
[2024-12-09T09:29:33.505+0000] {logging_mixin.py:190} INFO - [2024-12-09T09:29:33.495+0000] {dagbag.py:588} INFO - Filling up the DagBag from /opt/airflow/dags/mlops.py
[2024-12-09T09:29:33.581+0000] {logging_mixin.py:190} INFO - [2024-12-09T09:29:33.578+0000] {dagbag.py:387} ERROR - Failed to import: /opt/airflow/dags/mlops.py
Traceback (most recent call last):
  File "/home/airflow/.local/lib/python3.12/site-packages/airflow/models/dagbag.py", line 383, in parse
    loader.exec_module(new_module)
  File "<frozen importlib._bootstrap_external>", line 991, in exec_module
  File "<frozen importlib._bootstrap_external>", line 1129, in get_code
  File "<frozen importlib._bootstrap_external>", line 1059, in source_to_code
  File "<frozen importlib._bootstrap>", line 488, in _call_with_frames_removed
  File "/opt/airflow/dags/mlops.py", line 12
    MODEL_PATH = "C:\Users\surya\OneDrive\Desktop\airflow_tutorial\airflow\model"
                 ^^^^^^^^^^^^^^^^^^^^^^^^^^^^^^^^^^^^^^^^^^^^^^^^^^^^^^^^^^^^^^^^
SyntaxError: (unicode error) 'unicodeescape' codec can't decode bytes in position 2-3: truncated \UXXXXXXXX escape
[2024-12-09T09:29:33.583+0000] {processor.py:927} WARNING - No viable dags retrieved from /opt/airflow/dags/mlops.py
[2024-12-09T09:29:33.683+0000] {processor.py:208} INFO - Processing /opt/airflow/dags/mlops.py took 0.219 seconds
[2024-12-09T09:30:04.441+0000] {processor.py:186} INFO - Started process (PID=88) to work on /opt/airflow/dags/mlops.py
[2024-12-09T09:30:04.444+0000] {processor.py:914} INFO - Processing file /opt/airflow/dags/mlops.py for tasks to queue
[2024-12-09T09:30:04.451+0000] {logging_mixin.py:190} INFO - [2024-12-09T09:30:04.450+0000] {dagbag.py:588} INFO - Filling up the DagBag from /opt/airflow/dags/mlops.py
[2024-12-09T09:30:04.519+0000] {logging_mixin.py:190} INFO - [2024-12-09T09:30:04.516+0000] {dagbag.py:387} ERROR - Failed to import: /opt/airflow/dags/mlops.py
Traceback (most recent call last):
  File "/home/airflow/.local/lib/python3.12/site-packages/airflow/models/dagbag.py", line 383, in parse
    loader.exec_module(new_module)
  File "<frozen importlib._bootstrap_external>", line 991, in exec_module
  File "<frozen importlib._bootstrap_external>", line 1129, in get_code
  File "<frozen importlib._bootstrap_external>", line 1059, in source_to_code
  File "<frozen importlib._bootstrap>", line 488, in _call_with_frames_removed
  File "/opt/airflow/dags/mlops.py", line 12
    MODEL_PATH = "C:\Users\surya\OneDrive\Desktop\airflow_tutorial\airflow\model"
                 ^^^^^^^^^^^^^^^^^^^^^^^^^^^^^^^^^^^^^^^^^^^^^^^^^^^^^^^^^^^^^^^^
SyntaxError: (unicode error) 'unicodeescape' codec can't decode bytes in position 2-3: truncated \UXXXXXXXX escape
[2024-12-09T09:30:04.521+0000] {processor.py:927} WARNING - No viable dags retrieved from /opt/airflow/dags/mlops.py
[2024-12-09T09:30:04.682+0000] {processor.py:208} INFO - Processing /opt/airflow/dags/mlops.py took 0.256 seconds
[2024-12-09T09:30:35.149+0000] {processor.py:186} INFO - Started process (PID=91) to work on /opt/airflow/dags/mlops.py
[2024-12-09T09:30:35.152+0000] {processor.py:914} INFO - Processing file /opt/airflow/dags/mlops.py for tasks to queue
[2024-12-09T09:30:35.156+0000] {logging_mixin.py:190} INFO - [2024-12-09T09:30:35.155+0000] {dagbag.py:588} INFO - Filling up the DagBag from /opt/airflow/dags/mlops.py
[2024-12-09T09:30:35.223+0000] {logging_mixin.py:190} INFO - [2024-12-09T09:30:35.220+0000] {dagbag.py:387} ERROR - Failed to import: /opt/airflow/dags/mlops.py
Traceback (most recent call last):
  File "/home/airflow/.local/lib/python3.12/site-packages/airflow/models/dagbag.py", line 383, in parse
    loader.exec_module(new_module)
  File "<frozen importlib._bootstrap_external>", line 991, in exec_module
  File "<frozen importlib._bootstrap_external>", line 1129, in get_code
  File "<frozen importlib._bootstrap_external>", line 1059, in source_to_code
  File "<frozen importlib._bootstrap>", line 488, in _call_with_frames_removed
  File "/opt/airflow/dags/mlops.py", line 12
    MODEL_PATH = "C:\Users\surya\OneDrive\Desktop\airflow_tutorial\airflow\model"
                 ^^^^^^^^^^^^^^^^^^^^^^^^^^^^^^^^^^^^^^^^^^^^^^^^^^^^^^^^^^^^^^^^
SyntaxError: (unicode error) 'unicodeescape' codec can't decode bytes in position 2-3: truncated \UXXXXXXXX escape
[2024-12-09T09:30:35.225+0000] {processor.py:927} WARNING - No viable dags retrieved from /opt/airflow/dags/mlops.py
[2024-12-09T09:30:35.340+0000] {processor.py:208} INFO - Processing /opt/airflow/dags/mlops.py took 0.228 seconds
[2024-12-09T09:31:05.638+0000] {processor.py:186} INFO - Started process (PID=94) to work on /opt/airflow/dags/mlops.py
[2024-12-09T09:31:05.640+0000] {processor.py:914} INFO - Processing file /opt/airflow/dags/mlops.py for tasks to queue
[2024-12-09T09:31:05.642+0000] {logging_mixin.py:190} INFO - [2024-12-09T09:31:05.642+0000] {dagbag.py:588} INFO - Filling up the DagBag from /opt/airflow/dags/mlops.py
[2024-12-09T09:31:05.705+0000] {logging_mixin.py:190} INFO - [2024-12-09T09:31:05.702+0000] {dagbag.py:387} ERROR - Failed to import: /opt/airflow/dags/mlops.py
Traceback (most recent call last):
  File "/home/airflow/.local/lib/python3.12/site-packages/airflow/models/dagbag.py", line 383, in parse
    loader.exec_module(new_module)
  File "<frozen importlib._bootstrap_external>", line 991, in exec_module
  File "<frozen importlib._bootstrap_external>", line 1129, in get_code
  File "<frozen importlib._bootstrap_external>", line 1059, in source_to_code
  File "<frozen importlib._bootstrap>", line 488, in _call_with_frames_removed
  File "/opt/airflow/dags/mlops.py", line 12
    MODEL_PATH = "C:\Users\surya\OneDrive\Desktop\airflow_tutorial\airflow\model"
                 ^^^^^^^^^^^^^^^^^^^^^^^^^^^^^^^^^^^^^^^^^^^^^^^^^^^^^^^^^^^^^^^^
SyntaxError: (unicode error) 'unicodeescape' codec can't decode bytes in position 2-3: truncated \UXXXXXXXX escape
[2024-12-09T09:31:05.707+0000] {processor.py:927} WARNING - No viable dags retrieved from /opt/airflow/dags/mlops.py
[2024-12-09T09:31:05.803+0000] {processor.py:208} INFO - Processing /opt/airflow/dags/mlops.py took 0.176 seconds
[2024-12-09T09:31:36.634+0000] {processor.py:186} INFO - Started process (PID=97) to work on /opt/airflow/dags/mlops.py
[2024-12-09T09:31:36.637+0000] {processor.py:914} INFO - Processing file /opt/airflow/dags/mlops.py for tasks to queue
[2024-12-09T09:31:36.641+0000] {logging_mixin.py:190} INFO - [2024-12-09T09:31:36.640+0000] {dagbag.py:588} INFO - Filling up the DagBag from /opt/airflow/dags/mlops.py
[2024-12-09T09:31:36.706+0000] {logging_mixin.py:190} INFO - [2024-12-09T09:31:36.703+0000] {dagbag.py:387} ERROR - Failed to import: /opt/airflow/dags/mlops.py
Traceback (most recent call last):
  File "/home/airflow/.local/lib/python3.12/site-packages/airflow/models/dagbag.py", line 383, in parse
    loader.exec_module(new_module)
  File "<frozen importlib._bootstrap_external>", line 991, in exec_module
  File "<frozen importlib._bootstrap_external>", line 1129, in get_code
  File "<frozen importlib._bootstrap_external>", line 1059, in source_to_code
  File "<frozen importlib._bootstrap>", line 488, in _call_with_frames_removed
  File "/opt/airflow/dags/mlops.py", line 12
    MODEL_PATH = "C:\Users\surya\OneDrive\Desktop\airflow_tutorial\airflow\model"
                 ^^^^^^^^^^^^^^^^^^^^^^^^^^^^^^^^^^^^^^^^^^^^^^^^^^^^^^^^^^^^^^^^
SyntaxError: (unicode error) 'unicodeescape' codec can't decode bytes in position 2-3: truncated \UXXXXXXXX escape
[2024-12-09T09:31:36.708+0000] {processor.py:927} WARNING - No viable dags retrieved from /opt/airflow/dags/mlops.py
[2024-12-09T09:31:36.796+0000] {processor.py:208} INFO - Processing /opt/airflow/dags/mlops.py took 0.182 seconds
[2024-12-09T09:31:41.859+0000] {processor.py:186} INFO - Started process (PID=98) to work on /opt/airflow/dags/mlops.py
[2024-12-09T09:31:41.871+0000] {processor.py:914} INFO - Processing file /opt/airflow/dags/mlops.py for tasks to queue
[2024-12-09T09:31:41.887+0000] {logging_mixin.py:190} INFO - [2024-12-09T09:31:41.881+0000] {dagbag.py:588} INFO - Filling up the DagBag from /opt/airflow/dags/mlops.py
[2024-12-09T09:31:45.861+0000] {processor.py:925} INFO - DAG(s) 'mlops_airflow_pipeline' retrieved from /opt/airflow/dags/mlops.py
[2024-12-09T09:31:47.856+0000] {logging_mixin.py:190} INFO - [2024-12-09T09:31:47.855+0000] {dag.py:3239} INFO - Sync 1 DAGs
[2024-12-09T09:31:47.942+0000] {logging_mixin.py:190} INFO - [2024-12-09T09:31:47.941+0000] {dag.py:4180} INFO - Setting next_dagrun for mlops_airflow_pipeline to 2024-12-09 00:00:00+00:00, run_after=2024-12-10 00:00:00+00:00
[2024-12-09T09:31:48.179+0000] {processor.py:208} INFO - Processing /opt/airflow/dags/mlops.py took 6.386 seconds
[2024-12-09T09:32:39.402+0000] {processor.py:186} INFO - Started process (PID=164) to work on /opt/airflow/dags/mlops.py
[2024-12-09T09:32:39.404+0000] {processor.py:914} INFO - Processing file /opt/airflow/dags/mlops.py for tasks to queue
[2024-12-09T09:32:39.408+0000] {logging_mixin.py:190} INFO - [2024-12-09T09:32:39.407+0000] {dagbag.py:588} INFO - Filling up the DagBag from /opt/airflow/dags/mlops.py
[2024-12-09T09:32:40.988+0000] {processor.py:925} INFO - DAG(s) 'mlops_airflow_pipeline' retrieved from /opt/airflow/dags/mlops.py
[2024-12-09T09:32:41.070+0000] {logging_mixin.py:190} INFO - [2024-12-09T09:32:41.069+0000] {dag.py:3239} INFO - Sync 1 DAGs
[2024-12-09T09:32:41.459+0000] {logging_mixin.py:190} INFO - [2024-12-09T09:32:41.458+0000] {dag.py:4180} INFO - Setting next_dagrun for mlops_airflow_pipeline to 2024-12-09 00:00:00+00:00, run_after=2024-12-10 00:00:00+00:00
[2024-12-09T09:32:41.601+0000] {processor.py:208} INFO - Processing /opt/airflow/dags/mlops.py took 2.219 seconds
[2024-12-09T09:33:12.753+0000] {processor.py:186} INFO - Started process (PID=193) to work on /opt/airflow/dags/mlops.py
[2024-12-09T09:33:12.756+0000] {processor.py:914} INFO - Processing file /opt/airflow/dags/mlops.py for tasks to queue
[2024-12-09T09:33:12.760+0000] {logging_mixin.py:190} INFO - [2024-12-09T09:33:12.759+0000] {dagbag.py:588} INFO - Filling up the DagBag from /opt/airflow/dags/mlops.py
[2024-12-09T09:33:15.349+0000] {processor.py:925} INFO - DAG(s) 'mlops_airflow_pipeline' retrieved from /opt/airflow/dags/mlops.py
[2024-12-09T09:33:15.429+0000] {logging_mixin.py:190} INFO - [2024-12-09T09:33:15.428+0000] {dag.py:3239} INFO - Sync 1 DAGs
[2024-12-09T09:33:15.865+0000] {logging_mixin.py:190} INFO - [2024-12-09T09:33:15.864+0000] {dag.py:4180} INFO - Setting next_dagrun for mlops_airflow_pipeline to 2024-12-09 00:00:00+00:00, run_after=2024-12-10 00:00:00+00:00
[2024-12-09T09:33:15.993+0000] {processor.py:208} INFO - Processing /opt/airflow/dags/mlops.py took 3.258 seconds
[2024-12-09T09:33:47.298+0000] {processor.py:186} INFO - Started process (PID=203) to work on /opt/airflow/dags/mlops.py
[2024-12-09T09:33:47.302+0000] {processor.py:914} INFO - Processing file /opt/airflow/dags/mlops.py for tasks to queue
[2024-12-09T09:33:47.307+0000] {logging_mixin.py:190} INFO - [2024-12-09T09:33:47.306+0000] {dagbag.py:588} INFO - Filling up the DagBag from /opt/airflow/dags/mlops.py
[2024-12-09T09:33:49.390+0000] {processor.py:925} INFO - DAG(s) 'mlops_airflow_pipeline' retrieved from /opt/airflow/dags/mlops.py
[2024-12-09T09:33:49.837+0000] {logging_mixin.py:190} INFO - [2024-12-09T09:33:49.836+0000] {dag.py:3239} INFO - Sync 1 DAGs
[2024-12-09T09:33:49.901+0000] {logging_mixin.py:190} INFO - [2024-12-09T09:33:49.901+0000] {dag.py:4180} INFO - Setting next_dagrun for mlops_airflow_pipeline to 2024-12-09 00:00:00+00:00, run_after=2024-12-10 00:00:00+00:00
[2024-12-09T09:33:50.038+0000] {processor.py:208} INFO - Processing /opt/airflow/dags/mlops.py took 2.762 seconds
[2024-12-09T09:34:21.592+0000] {processor.py:186} INFO - Started process (PID=213) to work on /opt/airflow/dags/mlops.py
[2024-12-09T09:34:21.596+0000] {processor.py:914} INFO - Processing file /opt/airflow/dags/mlops.py for tasks to queue
[2024-12-09T09:34:21.600+0000] {logging_mixin.py:190} INFO - [2024-12-09T09:34:21.599+0000] {dagbag.py:588} INFO - Filling up the DagBag from /opt/airflow/dags/mlops.py
[2024-12-09T09:34:22.935+0000] {processor.py:925} INFO - DAG(s) 'mlops_airflow_pipeline' retrieved from /opt/airflow/dags/mlops.py
[2024-12-09T09:34:23.004+0000] {logging_mixin.py:190} INFO - [2024-12-09T09:34:23.004+0000] {dag.py:3239} INFO - Sync 1 DAGs
[2024-12-09T09:34:23.068+0000] {logging_mixin.py:190} INFO - [2024-12-09T09:34:23.067+0000] {dag.py:4180} INFO - Setting next_dagrun for mlops_airflow_pipeline to 2024-12-09 00:00:00+00:00, run_after=2024-12-10 00:00:00+00:00
[2024-12-09T09:34:23.206+0000] {processor.py:208} INFO - Processing /opt/airflow/dags/mlops.py took 1.630 seconds
[2024-12-09T09:34:54.509+0000] {processor.py:186} INFO - Started process (PID=223) to work on /opt/airflow/dags/mlops.py
[2024-12-09T09:34:54.513+0000] {processor.py:914} INFO - Processing file /opt/airflow/dags/mlops.py for tasks to queue
[2024-12-09T09:34:54.517+0000] {logging_mixin.py:190} INFO - [2024-12-09T09:34:54.516+0000] {dagbag.py:588} INFO - Filling up the DagBag from /opt/airflow/dags/mlops.py
[2024-12-09T09:34:56.004+0000] {processor.py:925} INFO - DAG(s) 'mlops_airflow_pipeline' retrieved from /opt/airflow/dags/mlops.py
[2024-12-09T09:34:56.085+0000] {logging_mixin.py:190} INFO - [2024-12-09T09:34:56.084+0000] {dag.py:3239} INFO - Sync 1 DAGs
[2024-12-09T09:34:56.168+0000] {logging_mixin.py:190} INFO - [2024-12-09T09:34:56.168+0000] {dag.py:4180} INFO - Setting next_dagrun for mlops_airflow_pipeline to 2024-12-09 00:00:00+00:00, run_after=2024-12-10 00:00:00+00:00
[2024-12-09T09:34:56.330+0000] {processor.py:208} INFO - Processing /opt/airflow/dags/mlops.py took 1.835 seconds
[2024-12-09T09:35:27.080+0000] {processor.py:186} INFO - Started process (PID=233) to work on /opt/airflow/dags/mlops.py
[2024-12-09T09:35:27.086+0000] {processor.py:914} INFO - Processing file /opt/airflow/dags/mlops.py for tasks to queue
[2024-12-09T09:35:27.091+0000] {logging_mixin.py:190} INFO - [2024-12-09T09:35:27.090+0000] {dagbag.py:588} INFO - Filling up the DagBag from /opt/airflow/dags/mlops.py
[2024-12-09T09:35:28.598+0000] {processor.py:925} INFO - DAG(s) 'mlops_airflow_pipeline' retrieved from /opt/airflow/dags/mlops.py
[2024-12-09T09:35:28.675+0000] {logging_mixin.py:190} INFO - [2024-12-09T09:35:28.674+0000] {dag.py:3239} INFO - Sync 1 DAGs
[2024-12-09T09:35:28.742+0000] {logging_mixin.py:190} INFO - [2024-12-09T09:35:28.741+0000] {dag.py:4180} INFO - Setting next_dagrun for mlops_airflow_pipeline to 2024-12-09 00:00:00+00:00, run_after=2024-12-10 00:00:00+00:00
[2024-12-09T09:35:28.893+0000] {processor.py:208} INFO - Processing /opt/airflow/dags/mlops.py took 1.827 seconds
[2024-12-09T09:35:59.609+0000] {processor.py:186} INFO - Started process (PID=243) to work on /opt/airflow/dags/mlops.py
[2024-12-09T09:35:59.615+0000] {processor.py:914} INFO - Processing file /opt/airflow/dags/mlops.py for tasks to queue
[2024-12-09T09:35:59.624+0000] {logging_mixin.py:190} INFO - [2024-12-09T09:35:59.622+0000] {dagbag.py:588} INFO - Filling up the DagBag from /opt/airflow/dags/mlops.py
[2024-12-09T09:36:00.951+0000] {processor.py:925} INFO - DAG(s) 'mlops_airflow_pipeline' retrieved from /opt/airflow/dags/mlops.py
[2024-12-09T09:36:01.052+0000] {logging_mixin.py:190} INFO - [2024-12-09T09:36:01.051+0000] {dag.py:3239} INFO - Sync 1 DAGs
[2024-12-09T09:36:01.136+0000] {logging_mixin.py:190} INFO - [2024-12-09T09:36:01.136+0000] {dag.py:4180} INFO - Setting next_dagrun for mlops_airflow_pipeline to 2024-12-09 00:00:00+00:00, run_after=2024-12-10 00:00:00+00:00
[2024-12-09T09:36:01.284+0000] {processor.py:208} INFO - Processing /opt/airflow/dags/mlops.py took 1.696 seconds
[2024-12-09T09:36:31.676+0000] {processor.py:186} INFO - Started process (PID=253) to work on /opt/airflow/dags/mlops.py
[2024-12-09T09:36:31.679+0000] {processor.py:914} INFO - Processing file /opt/airflow/dags/mlops.py for tasks to queue
[2024-12-09T09:36:31.684+0000] {logging_mixin.py:190} INFO - [2024-12-09T09:36:31.683+0000] {dagbag.py:588} INFO - Filling up the DagBag from /opt/airflow/dags/mlops.py
[2024-12-09T09:36:33.214+0000] {processor.py:925} INFO - DAG(s) 'mlops_airflow_pipeline' retrieved from /opt/airflow/dags/mlops.py
[2024-12-09T09:36:33.285+0000] {logging_mixin.py:190} INFO - [2024-12-09T09:36:33.284+0000] {dag.py:3239} INFO - Sync 1 DAGs
[2024-12-09T09:36:33.353+0000] {logging_mixin.py:190} INFO - [2024-12-09T09:36:33.353+0000] {dag.py:4180} INFO - Setting next_dagrun for mlops_airflow_pipeline to 2024-12-09 00:00:00+00:00, run_after=2024-12-10 00:00:00+00:00
[2024-12-09T09:36:33.902+0000] {processor.py:208} INFO - Processing /opt/airflow/dags/mlops.py took 2.241 seconds
[2024-12-09T09:37:04.871+0000] {processor.py:186} INFO - Started process (PID=263) to work on /opt/airflow/dags/mlops.py
[2024-12-09T09:37:04.874+0000] {processor.py:914} INFO - Processing file /opt/airflow/dags/mlops.py for tasks to queue
[2024-12-09T09:37:04.878+0000] {logging_mixin.py:190} INFO - [2024-12-09T09:37:04.877+0000] {dagbag.py:588} INFO - Filling up the DagBag from /opt/airflow/dags/mlops.py
[2024-12-09T09:37:06.112+0000] {processor.py:925} INFO - DAG(s) 'mlops_airflow_pipeline' retrieved from /opt/airflow/dags/mlops.py
[2024-12-09T09:37:06.172+0000] {logging_mixin.py:190} INFO - [2024-12-09T09:37:06.171+0000] {dag.py:3239} INFO - Sync 1 DAGs
[2024-12-09T09:37:06.248+0000] {logging_mixin.py:190} INFO - [2024-12-09T09:37:06.247+0000] {dag.py:4180} INFO - Setting next_dagrun for mlops_airflow_pipeline to 2024-12-09 00:00:00+00:00, run_after=2024-12-10 00:00:00+00:00
[2024-12-09T09:37:06.653+0000] {processor.py:208} INFO - Processing /opt/airflow/dags/mlops.py took 1.795 seconds
[2024-12-09T09:37:37.615+0000] {processor.py:186} INFO - Started process (PID=273) to work on /opt/airflow/dags/mlops.py
[2024-12-09T09:37:37.618+0000] {processor.py:914} INFO - Processing file /opt/airflow/dags/mlops.py for tasks to queue
[2024-12-09T09:37:37.622+0000] {logging_mixin.py:190} INFO - [2024-12-09T09:37:37.621+0000] {dagbag.py:588} INFO - Filling up the DagBag from /opt/airflow/dags/mlops.py
[2024-12-09T09:37:39.347+0000] {processor.py:925} INFO - DAG(s) 'mlops_airflow_pipeline' retrieved from /opt/airflow/dags/mlops.py
[2024-12-09T09:37:39.450+0000] {logging_mixin.py:190} INFO - [2024-12-09T09:37:39.449+0000] {dag.py:3239} INFO - Sync 1 DAGs
[2024-12-09T09:37:39.879+0000] {logging_mixin.py:190} INFO - [2024-12-09T09:37:39.878+0000] {dag.py:4180} INFO - Setting next_dagrun for mlops_airflow_pipeline to 2024-12-09 00:00:00+00:00, run_after=2024-12-10 00:00:00+00:00
[2024-12-09T09:37:40.034+0000] {processor.py:208} INFO - Processing /opt/airflow/dags/mlops.py took 2.433 seconds
[2024-12-09T09:38:10.543+0000] {processor.py:186} INFO - Started process (PID=302) to work on /opt/airflow/dags/mlops.py
[2024-12-09T09:38:10.545+0000] {processor.py:914} INFO - Processing file /opt/airflow/dags/mlops.py for tasks to queue
[2024-12-09T09:38:10.549+0000] {logging_mixin.py:190} INFO - [2024-12-09T09:38:10.548+0000] {dagbag.py:588} INFO - Filling up the DagBag from /opt/airflow/dags/mlops.py
[2024-12-09T09:38:12.198+0000] {processor.py:925} INFO - DAG(s) 'mlops_airflow_pipeline' retrieved from /opt/airflow/dags/mlops.py
[2024-12-09T09:38:12.302+0000] {logging_mixin.py:190} INFO - [2024-12-09T09:38:12.301+0000] {dag.py:3239} INFO - Sync 1 DAGs
[2024-12-09T09:38:12.857+0000] {logging_mixin.py:190} INFO - [2024-12-09T09:38:12.857+0000] {dag.py:4180} INFO - Setting next_dagrun for mlops_airflow_pipeline to 2024-12-09 00:00:00+00:00, run_after=2024-12-10 00:00:00+00:00
[2024-12-09T09:38:13.006+0000] {processor.py:208} INFO - Processing /opt/airflow/dags/mlops.py took 2.477 seconds
