[2024-12-09T09:23:44.576+0000] {processor.py:186} INFO - Started process (PID=138) to work on /opt/airflow/dags/welcome_dag.py
[2024-12-09T09:23:44.579+0000] {processor.py:914} INFO - Processing file /opt/airflow/dags/welcome_dag.py for tasks to queue
[2024-12-09T09:23:44.585+0000] {logging_mixin.py:190} INFO - [2024-12-09T09:23:44.584+0000] {dagbag.py:588} INFO - Filling up the DagBag from /opt/airflow/dags/welcome_dag.py
[2024-12-09T09:23:44.689+0000] {processor.py:925} INFO - DAG(s) 'welcome_dag' retrieved from /opt/airflow/dags/welcome_dag.py
[2024-12-09T09:23:45.395+0000] {logging_mixin.py:190} INFO - [2024-12-09T09:23:45.395+0000] {dag.py:3239} INFO - Sync 1 DAGs
[2024-12-09T09:23:45.466+0000] {logging_mixin.py:190} INFO - [2024-12-09T09:23:45.465+0000] {dag.py:4180} INFO - Setting next_dagrun for welcome_dag to 2024-12-08 23:00:00+00:00, run_after=2024-12-09 23:00:00+00:00
[2024-12-09T09:23:45.618+0000] {processor.py:208} INFO - Processing /opt/airflow/dags/welcome_dag.py took 1.062 seconds
[2024-12-09T09:24:16.540+0000] {processor.py:186} INFO - Started process (PID=172) to work on /opt/airflow/dags/welcome_dag.py
[2024-12-09T09:24:16.542+0000] {processor.py:914} INFO - Processing file /opt/airflow/dags/welcome_dag.py for tasks to queue
[2024-12-09T09:24:16.548+0000] {logging_mixin.py:190} INFO - [2024-12-09T09:24:16.547+0000] {dagbag.py:588} INFO - Filling up the DagBag from /opt/airflow/dags/welcome_dag.py
[2024-12-09T09:24:16.605+0000] {processor.py:925} INFO - DAG(s) 'welcome_dag' retrieved from /opt/airflow/dags/welcome_dag.py
[2024-12-09T09:24:16.690+0000] {logging_mixin.py:190} INFO - [2024-12-09T09:24:16.689+0000] {dag.py:3239} INFO - Sync 1 DAGs
[2024-12-09T09:24:16.819+0000] {logging_mixin.py:190} INFO - [2024-12-09T09:24:16.818+0000] {dag.py:4180} INFO - Setting next_dagrun for welcome_dag to 2024-12-08 23:00:00+00:00, run_after=2024-12-09 23:00:00+00:00
[2024-12-09T09:24:17.038+0000] {processor.py:208} INFO - Processing /opt/airflow/dags/welcome_dag.py took 0.511 seconds
[2024-12-09T09:25:21.813+0000] {processor.py:186} INFO - Started process (PID=258) to work on /opt/airflow/dags/welcome_dag.py
[2024-12-09T09:25:21.816+0000] {processor.py:914} INFO - Processing file /opt/airflow/dags/welcome_dag.py for tasks to queue
[2024-12-09T09:25:21.822+0000] {logging_mixin.py:190} INFO - [2024-12-09T09:25:21.821+0000] {dagbag.py:588} INFO - Filling up the DagBag from /opt/airflow/dags/welcome_dag.py
[2024-12-09T09:25:21.895+0000] {processor.py:925} INFO - DAG(s) 'welcome_dag' retrieved from /opt/airflow/dags/welcome_dag.py
[2024-12-09T09:25:21.958+0000] {logging_mixin.py:190} INFO - [2024-12-09T09:25:21.958+0000] {dag.py:3239} INFO - Sync 1 DAGs
[2024-12-09T09:25:22.021+0000] {logging_mixin.py:190} INFO - [2024-12-09T09:25:22.020+0000] {dag.py:4180} INFO - Setting next_dagrun for welcome_dag to 2024-12-08 23:00:00+00:00, run_after=2024-12-09 23:00:00+00:00
[2024-12-09T09:25:22.167+0000] {processor.py:208} INFO - Processing /opt/airflow/dags/welcome_dag.py took 0.365 seconds
[2024-12-09T09:25:52.468+0000] {processor.py:186} INFO - Started process (PID=268) to work on /opt/airflow/dags/welcome_dag.py
[2024-12-09T09:25:52.471+0000] {processor.py:914} INFO - Processing file /opt/airflow/dags/welcome_dag.py for tasks to queue
[2024-12-09T09:25:52.477+0000] {logging_mixin.py:190} INFO - [2024-12-09T09:25:52.476+0000] {dagbag.py:588} INFO - Filling up the DagBag from /opt/airflow/dags/welcome_dag.py
[2024-12-09T09:25:52.549+0000] {processor.py:925} INFO - DAG(s) 'welcome_dag' retrieved from /opt/airflow/dags/welcome_dag.py
[2024-12-09T09:25:52.634+0000] {logging_mixin.py:190} INFO - [2024-12-09T09:25:52.633+0000] {dag.py:3239} INFO - Sync 1 DAGs
[2024-12-09T09:25:52.705+0000] {logging_mixin.py:190} INFO - [2024-12-09T09:25:52.704+0000] {dag.py:4180} INFO - Setting next_dagrun for welcome_dag to 2024-12-08 23:00:00+00:00, run_after=2024-12-09 23:00:00+00:00
[2024-12-09T09:25:52.878+0000] {processor.py:208} INFO - Processing /opt/airflow/dags/welcome_dag.py took 0.423 seconds
[2024-12-09T09:26:24.447+0000] {processor.py:186} INFO - Started process (PID=278) to work on /opt/airflow/dags/welcome_dag.py
[2024-12-09T09:26:24.450+0000] {processor.py:914} INFO - Processing file /opt/airflow/dags/welcome_dag.py for tasks to queue
[2024-12-09T09:26:24.456+0000] {logging_mixin.py:190} INFO - [2024-12-09T09:26:24.455+0000] {dagbag.py:588} INFO - Filling up the DagBag from /opt/airflow/dags/welcome_dag.py
[2024-12-09T09:26:24.527+0000] {processor.py:925} INFO - DAG(s) 'welcome_dag' retrieved from /opt/airflow/dags/welcome_dag.py
[2024-12-09T09:26:24.610+0000] {logging_mixin.py:190} INFO - [2024-12-09T09:26:24.609+0000] {dag.py:3239} INFO - Sync 1 DAGs
[2024-12-09T09:26:24.688+0000] {logging_mixin.py:190} INFO - [2024-12-09T09:26:24.687+0000] {dag.py:4180} INFO - Setting next_dagrun for welcome_dag to 2024-12-08 23:00:00+00:00, run_after=2024-12-09 23:00:00+00:00
[2024-12-09T09:26:24.837+0000] {processor.py:208} INFO - Processing /opt/airflow/dags/welcome_dag.py took 0.403 seconds
[2024-12-09T09:26:55.347+0000] {processor.py:186} INFO - Started process (PID=288) to work on /opt/airflow/dags/welcome_dag.py
[2024-12-09T09:26:55.350+0000] {processor.py:914} INFO - Processing file /opt/airflow/dags/welcome_dag.py for tasks to queue
[2024-12-09T09:26:55.356+0000] {logging_mixin.py:190} INFO - [2024-12-09T09:26:55.355+0000] {dagbag.py:588} INFO - Filling up the DagBag from /opt/airflow/dags/welcome_dag.py
[2024-12-09T09:26:55.424+0000] {processor.py:925} INFO - DAG(s) 'welcome_dag' retrieved from /opt/airflow/dags/welcome_dag.py
[2024-12-09T09:26:55.501+0000] {logging_mixin.py:190} INFO - [2024-12-09T09:26:55.500+0000] {dag.py:3239} INFO - Sync 1 DAGs
[2024-12-09T09:26:55.576+0000] {logging_mixin.py:190} INFO - [2024-12-09T09:26:55.576+0000] {dag.py:4180} INFO - Setting next_dagrun for welcome_dag to 2024-12-08 23:00:00+00:00, run_after=2024-12-09 23:00:00+00:00
[2024-12-09T09:26:55.727+0000] {processor.py:208} INFO - Processing /opt/airflow/dags/welcome_dag.py took 0.391 seconds
[2024-12-09T09:27:26.687+0000] {processor.py:186} INFO - Started process (PID=299) to work on /opt/airflow/dags/welcome_dag.py
[2024-12-09T09:27:26.689+0000] {processor.py:914} INFO - Processing file /opt/airflow/dags/welcome_dag.py for tasks to queue
[2024-12-09T09:27:26.701+0000] {logging_mixin.py:190} INFO - [2024-12-09T09:27:26.696+0000] {dagbag.py:588} INFO - Filling up the DagBag from /opt/airflow/dags/welcome_dag.py
[2024-12-09T09:27:26.758+0000] {processor.py:925} INFO - DAG(s) 'welcome_dag' retrieved from /opt/airflow/dags/welcome_dag.py
[2024-12-09T09:27:26.825+0000] {logging_mixin.py:190} INFO - [2024-12-09T09:27:26.825+0000] {dag.py:3239} INFO - Sync 1 DAGs
[2024-12-09T09:27:26.903+0000] {logging_mixin.py:190} INFO - [2024-12-09T09:27:26.902+0000] {dag.py:4180} INFO - Setting next_dagrun for welcome_dag to 2024-12-08 23:00:00+00:00, run_after=2024-12-09 23:00:00+00:00
[2024-12-09T09:27:27.065+0000] {processor.py:208} INFO - Processing /opt/airflow/dags/welcome_dag.py took 0.396 seconds
[2024-12-09T09:28:36.024+0000] {processor.py:186} INFO - Started process (PID=62) to work on /opt/airflow/dags/welcome_dag.py
[2024-12-09T09:28:36.027+0000] {processor.py:914} INFO - Processing file /opt/airflow/dags/welcome_dag.py for tasks to queue
[2024-12-09T09:28:36.034+0000] {logging_mixin.py:190} INFO - [2024-12-09T09:28:36.033+0000] {dagbag.py:588} INFO - Filling up the DagBag from /opt/airflow/dags/welcome_dag.py
[2024-12-09T09:28:36.126+0000] {processor.py:925} INFO - DAG(s) 'welcome_dag' retrieved from /opt/airflow/dags/welcome_dag.py
[2024-12-09T09:28:36.208+0000] {logging_mixin.py:190} INFO - [2024-12-09T09:28:36.207+0000] {dag.py:3239} INFO - Sync 1 DAGs
[2024-12-09T09:28:36.282+0000] {logging_mixin.py:190} INFO - [2024-12-09T09:28:36.281+0000] {dag.py:4180} INFO - Setting next_dagrun for welcome_dag to 2024-12-08 23:00:00+00:00, run_after=2024-12-09 23:00:00+00:00
[2024-12-09T09:28:36.416+0000] {processor.py:208} INFO - Processing /opt/airflow/dags/welcome_dag.py took 0.404 seconds
[2024-12-09T09:29:07.091+0000] {processor.py:186} INFO - Started process (PID=75) to work on /opt/airflow/dags/welcome_dag.py
[2024-12-09T09:29:07.094+0000] {processor.py:914} INFO - Processing file /opt/airflow/dags/welcome_dag.py for tasks to queue
[2024-12-09T09:29:07.101+0000] {logging_mixin.py:190} INFO - [2024-12-09T09:29:07.100+0000] {dagbag.py:588} INFO - Filling up the DagBag from /opt/airflow/dags/welcome_dag.py
[2024-12-09T09:29:07.169+0000] {processor.py:925} INFO - DAG(s) 'welcome_dag' retrieved from /opt/airflow/dags/welcome_dag.py
[2024-12-09T09:29:07.231+0000] {logging_mixin.py:190} INFO - [2024-12-09T09:29:07.230+0000] {dag.py:3239} INFO - Sync 1 DAGs
[2024-12-09T09:29:07.320+0000] {logging_mixin.py:190} INFO - [2024-12-09T09:29:07.320+0000] {dag.py:4180} INFO - Setting next_dagrun for welcome_dag to 2024-12-08 23:00:00+00:00, run_after=2024-12-09 23:00:00+00:00
[2024-12-09T09:29:07.478+0000] {processor.py:208} INFO - Processing /opt/airflow/dags/welcome_dag.py took 0.404 seconds
[2024-12-09T09:29:38.141+0000] {processor.py:186} INFO - Started process (PID=87) to work on /opt/airflow/dags/welcome_dag.py
[2024-12-09T09:29:38.144+0000] {processor.py:914} INFO - Processing file /opt/airflow/dags/welcome_dag.py for tasks to queue
[2024-12-09T09:29:38.147+0000] {logging_mixin.py:190} INFO - [2024-12-09T09:29:38.146+0000] {dagbag.py:588} INFO - Filling up the DagBag from /opt/airflow/dags/welcome_dag.py
[2024-12-09T09:29:38.227+0000] {processor.py:925} INFO - DAG(s) 'welcome_dag' retrieved from /opt/airflow/dags/welcome_dag.py
[2024-12-09T09:29:38.300+0000] {logging_mixin.py:190} INFO - [2024-12-09T09:29:38.299+0000] {dag.py:3239} INFO - Sync 1 DAGs
[2024-12-09T09:29:38.373+0000] {logging_mixin.py:190} INFO - [2024-12-09T09:29:38.372+0000] {dag.py:4180} INFO - Setting next_dagrun for welcome_dag to 2024-12-08 23:00:00+00:00, run_after=2024-12-09 23:00:00+00:00
[2024-12-09T09:29:38.500+0000] {processor.py:208} INFO - Processing /opt/airflow/dags/welcome_dag.py took 0.372 seconds
[2024-12-09T09:30:10.166+0000] {processor.py:186} INFO - Started process (PID=90) to work on /opt/airflow/dags/welcome_dag.py
[2024-12-09T09:30:10.168+0000] {processor.py:914} INFO - Processing file /opt/airflow/dags/welcome_dag.py for tasks to queue
[2024-12-09T09:30:10.172+0000] {logging_mixin.py:190} INFO - [2024-12-09T09:30:10.171+0000] {dagbag.py:588} INFO - Filling up the DagBag from /opt/airflow/dags/welcome_dag.py
[2024-12-09T09:30:10.249+0000] {processor.py:925} INFO - DAG(s) 'welcome_dag' retrieved from /opt/airflow/dags/welcome_dag.py
[2024-12-09T09:30:10.312+0000] {logging_mixin.py:190} INFO - [2024-12-09T09:30:10.311+0000] {dag.py:3239} INFO - Sync 1 DAGs
[2024-12-09T09:30:10.381+0000] {logging_mixin.py:190} INFO - [2024-12-09T09:30:10.380+0000] {dag.py:4180} INFO - Setting next_dagrun for welcome_dag to 2024-12-08 23:00:00+00:00, run_after=2024-12-09 23:00:00+00:00
[2024-12-09T09:30:10.538+0000] {processor.py:208} INFO - Processing /opt/airflow/dags/welcome_dag.py took 0.385 seconds
[2024-12-09T09:30:42.057+0000] {processor.py:186} INFO - Started process (PID=93) to work on /opt/airflow/dags/welcome_dag.py
[2024-12-09T09:30:42.059+0000] {processor.py:914} INFO - Processing file /opt/airflow/dags/welcome_dag.py for tasks to queue
[2024-12-09T09:30:42.063+0000] {logging_mixin.py:190} INFO - [2024-12-09T09:30:42.062+0000] {dagbag.py:588} INFO - Filling up the DagBag from /opt/airflow/dags/welcome_dag.py
[2024-12-09T09:30:42.155+0000] {processor.py:925} INFO - DAG(s) 'welcome_dag' retrieved from /opt/airflow/dags/welcome_dag.py
[2024-12-09T09:30:42.239+0000] {logging_mixin.py:190} INFO - [2024-12-09T09:30:42.239+0000] {dag.py:3239} INFO - Sync 1 DAGs
[2024-12-09T09:30:42.331+0000] {logging_mixin.py:190} INFO - [2024-12-09T09:30:42.330+0000] {dag.py:4180} INFO - Setting next_dagrun for welcome_dag to 2024-12-08 23:00:00+00:00, run_after=2024-12-09 23:00:00+00:00
[2024-12-09T09:30:42.483+0000] {processor.py:208} INFO - Processing /opt/airflow/dags/welcome_dag.py took 0.438 seconds
[2024-12-09T09:31:13.717+0000] {processor.py:186} INFO - Started process (PID=96) to work on /opt/airflow/dags/welcome_dag.py
[2024-12-09T09:31:13.719+0000] {processor.py:914} INFO - Processing file /opt/airflow/dags/welcome_dag.py for tasks to queue
[2024-12-09T09:31:13.722+0000] {logging_mixin.py:190} INFO - [2024-12-09T09:31:13.721+0000] {dagbag.py:588} INFO - Filling up the DagBag from /opt/airflow/dags/welcome_dag.py
[2024-12-09T09:31:13.788+0000] {processor.py:925} INFO - DAG(s) 'welcome_dag' retrieved from /opt/airflow/dags/welcome_dag.py
[2024-12-09T09:31:13.864+0000] {logging_mixin.py:190} INFO - [2024-12-09T09:31:13.864+0000] {dag.py:3239} INFO - Sync 1 DAGs
[2024-12-09T09:31:13.938+0000] {logging_mixin.py:190} INFO - [2024-12-09T09:31:13.937+0000] {dag.py:4180} INFO - Setting next_dagrun for welcome_dag to 2024-12-08 23:00:00+00:00, run_after=2024-12-09 23:00:00+00:00
[2024-12-09T09:31:14.094+0000] {processor.py:208} INFO - Processing /opt/airflow/dags/welcome_dag.py took 0.388 seconds
[2024-12-09T09:32:55.954+0000] {processor.py:186} INFO - Started process (PID=191) to work on /opt/airflow/dags/welcome_dag.py
[2024-12-09T09:32:55.960+0000] {processor.py:914} INFO - Processing file /opt/airflow/dags/welcome_dag.py for tasks to queue
[2024-12-09T09:32:55.969+0000] {logging_mixin.py:190} INFO - [2024-12-09T09:32:55.966+0000] {dagbag.py:588} INFO - Filling up the DagBag from /opt/airflow/dags/welcome_dag.py
[2024-12-09T09:32:56.095+0000] {processor.py:925} INFO - DAG(s) 'welcome_dag' retrieved from /opt/airflow/dags/welcome_dag.py
[2024-12-09T09:32:56.261+0000] {logging_mixin.py:190} INFO - [2024-12-09T09:32:56.260+0000] {dag.py:3239} INFO - Sync 1 DAGs
[2024-12-09T09:32:56.402+0000] {logging_mixin.py:190} INFO - [2024-12-09T09:32:56.401+0000] {dag.py:4180} INFO - Setting next_dagrun for welcome_dag to 2024-12-08 23:00:00+00:00, run_after=2024-12-09 23:00:00+00:00
[2024-12-09T09:32:56.664+0000] {processor.py:208} INFO - Processing /opt/airflow/dags/welcome_dag.py took 0.750 seconds
[2024-12-09T09:33:27.720+0000] {processor.py:186} INFO - Started process (PID=201) to work on /opt/airflow/dags/welcome_dag.py
[2024-12-09T09:33:27.724+0000] {processor.py:914} INFO - Processing file /opt/airflow/dags/welcome_dag.py for tasks to queue
[2024-12-09T09:33:27.730+0000] {logging_mixin.py:190} INFO - [2024-12-09T09:33:27.728+0000] {dagbag.py:588} INFO - Filling up the DagBag from /opt/airflow/dags/welcome_dag.py
[2024-12-09T09:33:27.840+0000] {processor.py:925} INFO - DAG(s) 'welcome_dag' retrieved from /opt/airflow/dags/welcome_dag.py
[2024-12-09T09:33:27.956+0000] {logging_mixin.py:190} INFO - [2024-12-09T09:33:27.955+0000] {dag.py:3239} INFO - Sync 1 DAGs
[2024-12-09T09:33:28.074+0000] {logging_mixin.py:190} INFO - [2024-12-09T09:33:28.073+0000] {dag.py:4180} INFO - Setting next_dagrun for welcome_dag to 2024-12-08 23:00:00+00:00, run_after=2024-12-09 23:00:00+00:00
[2024-12-09T09:33:28.280+0000] {processor.py:208} INFO - Processing /opt/airflow/dags/welcome_dag.py took 0.581 seconds
[2024-12-09T09:33:59.706+0000] {processor.py:186} INFO - Started process (PID=211) to work on /opt/airflow/dags/welcome_dag.py
[2024-12-09T09:33:59.710+0000] {processor.py:914} INFO - Processing file /opt/airflow/dags/welcome_dag.py for tasks to queue
[2024-12-09T09:33:59.714+0000] {logging_mixin.py:190} INFO - [2024-12-09T09:33:59.713+0000] {dagbag.py:588} INFO - Filling up the DagBag from /opt/airflow/dags/welcome_dag.py
[2024-12-09T09:33:59.769+0000] {processor.py:925} INFO - DAG(s) 'welcome_dag' retrieved from /opt/airflow/dags/welcome_dag.py
[2024-12-09T09:33:59.832+0000] {logging_mixin.py:190} INFO - [2024-12-09T09:33:59.832+0000] {dag.py:3239} INFO - Sync 1 DAGs
[2024-12-09T09:33:59.903+0000] {logging_mixin.py:190} INFO - [2024-12-09T09:33:59.903+0000] {dag.py:4180} INFO - Setting next_dagrun for welcome_dag to 2024-12-08 23:00:00+00:00, run_after=2024-12-09 23:00:00+00:00
[2024-12-09T09:34:00.049+0000] {processor.py:208} INFO - Processing /opt/airflow/dags/welcome_dag.py took 0.362 seconds
[2024-12-09T09:34:30.224+0000] {processor.py:186} INFO - Started process (PID=221) to work on /opt/airflow/dags/welcome_dag.py
[2024-12-09T09:34:30.227+0000] {processor.py:914} INFO - Processing file /opt/airflow/dags/welcome_dag.py for tasks to queue
[2024-12-09T09:34:30.231+0000] {logging_mixin.py:190} INFO - [2024-12-09T09:34:30.230+0000] {dagbag.py:588} INFO - Filling up the DagBag from /opt/airflow/dags/welcome_dag.py
[2024-12-09T09:34:30.296+0000] {processor.py:925} INFO - DAG(s) 'welcome_dag' retrieved from /opt/airflow/dags/welcome_dag.py
[2024-12-09T09:34:30.373+0000] {logging_mixin.py:190} INFO - [2024-12-09T09:34:30.373+0000] {dag.py:3239} INFO - Sync 1 DAGs
[2024-12-09T09:34:30.448+0000] {logging_mixin.py:190} INFO - [2024-12-09T09:34:30.447+0000] {dag.py:4180} INFO - Setting next_dagrun for welcome_dag to 2024-12-08 23:00:00+00:00, run_after=2024-12-09 23:00:00+00:00
[2024-12-09T09:34:30.570+0000] {processor.py:208} INFO - Processing /opt/airflow/dags/welcome_dag.py took 0.360 seconds
[2024-12-09T09:35:00.816+0000] {processor.py:186} INFO - Started process (PID=231) to work on /opt/airflow/dags/welcome_dag.py
[2024-12-09T09:35:00.819+0000] {processor.py:914} INFO - Processing file /opt/airflow/dags/welcome_dag.py for tasks to queue
[2024-12-09T09:35:00.823+0000] {logging_mixin.py:190} INFO - [2024-12-09T09:35:00.822+0000] {dagbag.py:588} INFO - Filling up the DagBag from /opt/airflow/dags/welcome_dag.py
[2024-12-09T09:35:00.892+0000] {processor.py:925} INFO - DAG(s) 'welcome_dag' retrieved from /opt/airflow/dags/welcome_dag.py
[2024-12-09T09:35:00.969+0000] {logging_mixin.py:190} INFO - [2024-12-09T09:35:00.968+0000] {dag.py:3239} INFO - Sync 1 DAGs
[2024-12-09T09:35:01.048+0000] {logging_mixin.py:190} INFO - [2024-12-09T09:35:01.047+0000] {dag.py:4180} INFO - Setting next_dagrun for welcome_dag to 2024-12-08 23:00:00+00:00, run_after=2024-12-09 23:00:00+00:00
[2024-12-09T09:35:01.233+0000] {processor.py:208} INFO - Processing /opt/airflow/dags/welcome_dag.py took 0.430 seconds
[2024-12-09T09:35:32.590+0000] {processor.py:186} INFO - Started process (PID=241) to work on /opt/airflow/dags/welcome_dag.py
[2024-12-09T09:35:32.592+0000] {processor.py:914} INFO - Processing file /opt/airflow/dags/welcome_dag.py for tasks to queue
[2024-12-09T09:35:32.597+0000] {logging_mixin.py:190} INFO - [2024-12-09T09:35:32.596+0000] {dagbag.py:588} INFO - Filling up the DagBag from /opt/airflow/dags/welcome_dag.py
[2024-12-09T09:35:32.646+0000] {processor.py:925} INFO - DAG(s) 'welcome_dag' retrieved from /opt/airflow/dags/welcome_dag.py
[2024-12-09T09:35:32.718+0000] {logging_mixin.py:190} INFO - [2024-12-09T09:35:32.717+0000] {dag.py:3239} INFO - Sync 1 DAGs
[2024-12-09T09:35:32.802+0000] {logging_mixin.py:190} INFO - [2024-12-09T09:35:32.801+0000] {dag.py:4180} INFO - Setting next_dagrun for welcome_dag to 2024-12-08 23:00:00+00:00, run_after=2024-12-09 23:00:00+00:00
[2024-12-09T09:35:33.087+0000] {processor.py:208} INFO - Processing /opt/airflow/dags/welcome_dag.py took 0.509 seconds
[2024-12-09T09:36:03.771+0000] {processor.py:186} INFO - Started process (PID=251) to work on /opt/airflow/dags/welcome_dag.py
[2024-12-09T09:36:03.777+0000] {processor.py:914} INFO - Processing file /opt/airflow/dags/welcome_dag.py for tasks to queue
[2024-12-09T09:36:03.782+0000] {logging_mixin.py:190} INFO - [2024-12-09T09:36:03.781+0000] {dagbag.py:588} INFO - Filling up the DagBag from /opt/airflow/dags/welcome_dag.py
[2024-12-09T09:36:03.859+0000] {processor.py:925} INFO - DAG(s) 'welcome_dag' retrieved from /opt/airflow/dags/welcome_dag.py
[2024-12-09T09:36:03.940+0000] {logging_mixin.py:190} INFO - [2024-12-09T09:36:03.939+0000] {dag.py:3239} INFO - Sync 1 DAGs
[2024-12-09T09:36:04.014+0000] {logging_mixin.py:190} INFO - [2024-12-09T09:36:04.014+0000] {dag.py:4180} INFO - Setting next_dagrun for welcome_dag to 2024-12-08 23:00:00+00:00, run_after=2024-12-09 23:00:00+00:00
[2024-12-09T09:36:04.156+0000] {processor.py:208} INFO - Processing /opt/airflow/dags/welcome_dag.py took 0.428 seconds
[2024-12-09T09:36:35.575+0000] {processor.py:186} INFO - Started process (PID=261) to work on /opt/airflow/dags/welcome_dag.py
[2024-12-09T09:36:35.578+0000] {processor.py:914} INFO - Processing file /opt/airflow/dags/welcome_dag.py for tasks to queue
[2024-12-09T09:36:35.582+0000] {logging_mixin.py:190} INFO - [2024-12-09T09:36:35.581+0000] {dagbag.py:588} INFO - Filling up the DagBag from /opt/airflow/dags/welcome_dag.py
[2024-12-09T09:36:35.652+0000] {processor.py:925} INFO - DAG(s) 'welcome_dag' retrieved from /opt/airflow/dags/welcome_dag.py
[2024-12-09T09:36:35.726+0000] {logging_mixin.py:190} INFO - [2024-12-09T09:36:35.726+0000] {dag.py:3239} INFO - Sync 1 DAGs
[2024-12-09T09:36:35.800+0000] {logging_mixin.py:190} INFO - [2024-12-09T09:36:35.799+0000] {dag.py:4180} INFO - Setting next_dagrun for welcome_dag to 2024-12-08 23:00:00+00:00, run_after=2024-12-09 23:00:00+00:00
[2024-12-09T09:36:35.935+0000] {processor.py:208} INFO - Processing /opt/airflow/dags/welcome_dag.py took 0.373 seconds
[2024-12-09T09:37:10.189+0000] {processor.py:186} INFO - Started process (PID=272) to work on /opt/airflow/dags/welcome_dag.py
[2024-12-09T09:37:10.192+0000] {processor.py:914} INFO - Processing file /opt/airflow/dags/welcome_dag.py for tasks to queue
[2024-12-09T09:37:10.195+0000] {logging_mixin.py:190} INFO - [2024-12-09T09:37:10.194+0000] {dagbag.py:588} INFO - Filling up the DagBag from /opt/airflow/dags/welcome_dag.py
[2024-12-09T09:37:10.271+0000] {processor.py:925} INFO - DAG(s) 'welcome_dag' retrieved from /opt/airflow/dags/welcome_dag.py
[2024-12-09T09:37:10.353+0000] {logging_mixin.py:190} INFO - [2024-12-09T09:37:10.353+0000] {dag.py:3239} INFO - Sync 1 DAGs
[2024-12-09T09:37:10.431+0000] {logging_mixin.py:190} INFO - [2024-12-09T09:37:10.430+0000] {dag.py:4180} INFO - Setting next_dagrun for welcome_dag to 2024-12-08 23:00:00+00:00, run_after=2024-12-09 23:00:00+00:00
[2024-12-09T09:37:10.577+0000] {processor.py:208} INFO - Processing /opt/airflow/dags/welcome_dag.py took 0.401 seconds
[2024-12-09T09:37:43.667+0000] {processor.py:186} INFO - Started process (PID=282) to work on /opt/airflow/dags/welcome_dag.py
[2024-12-09T09:37:43.670+0000] {processor.py:914} INFO - Processing file /opt/airflow/dags/welcome_dag.py for tasks to queue
[2024-12-09T09:37:43.672+0000] {logging_mixin.py:190} INFO - [2024-12-09T09:37:43.672+0000] {dagbag.py:588} INFO - Filling up the DagBag from /opt/airflow/dags/welcome_dag.py
[2024-12-09T09:37:43.741+0000] {processor.py:925} INFO - DAG(s) 'welcome_dag' retrieved from /opt/airflow/dags/welcome_dag.py
[2024-12-09T09:37:43.837+0000] {logging_mixin.py:190} INFO - [2024-12-09T09:37:43.836+0000] {dag.py:3239} INFO - Sync 1 DAGs
[2024-12-09T09:37:43.930+0000] {logging_mixin.py:190} INFO - [2024-12-09T09:37:43.930+0000] {dag.py:4180} INFO - Setting next_dagrun for welcome_dag to 2024-12-08 23:00:00+00:00, run_after=2024-12-09 23:00:00+00:00
[2024-12-09T09:37:44.092+0000] {processor.py:208} INFO - Processing /opt/airflow/dags/welcome_dag.py took 0.441 seconds
[2024-12-09T09:38:16.234+0000] {processor.py:186} INFO - Started process (PID=311) to work on /opt/airflow/dags/welcome_dag.py
[2024-12-09T09:38:16.236+0000] {processor.py:914} INFO - Processing file /opt/airflow/dags/welcome_dag.py for tasks to queue
[2024-12-09T09:38:16.240+0000] {logging_mixin.py:190} INFO - [2024-12-09T09:38:16.239+0000] {dagbag.py:588} INFO - Filling up the DagBag from /opt/airflow/dags/welcome_dag.py
[2024-12-09T09:38:16.290+0000] {processor.py:925} INFO - DAG(s) 'welcome_dag' retrieved from /opt/airflow/dags/welcome_dag.py
[2024-12-09T09:38:16.370+0000] {logging_mixin.py:190} INFO - [2024-12-09T09:38:16.369+0000] {dag.py:3239} INFO - Sync 1 DAGs
[2024-12-09T09:38:16.450+0000] {logging_mixin.py:190} INFO - [2024-12-09T09:38:16.449+0000] {dag.py:4180} INFO - Setting next_dagrun for welcome_dag to 2024-12-08 23:00:00+00:00, run_after=2024-12-09 23:00:00+00:00
[2024-12-09T09:38:16.596+0000] {processor.py:208} INFO - Processing /opt/airflow/dags/welcome_dag.py took 0.375 seconds
