[2024-12-10T05:41:51.338+0000] {local_task_job_runner.py:123} INFO - ::group::Pre task execution logs
[2024-12-10T05:41:51.387+0000] {taskinstance.py:2613} INFO - Dependencies all met for dep_context=non-requeueable deps ti=<TaskInstance: exchange_rate_etl.download_file scheduled__2024-12-09T00:00:00+00:00 [queued]>
[2024-12-10T05:41:51.412+0000] {taskinstance.py:2613} INFO - Dependencies all met for dep_context=requeueable deps ti=<TaskInstance: exchange_rate_etl.download_file scheduled__2024-12-09T00:00:00+00:00 [queued]>
[2024-12-10T05:41:51.413+0000] {taskinstance.py:2866} INFO - Starting attempt 1 of 3
[2024-12-10T05:41:51.476+0000] {taskinstance.py:2889} INFO - Executing <Task(BashOperator): download_file> on 2024-12-09 00:00:00+00:00
[2024-12-10T05:41:51.497+0000] {logging_mixin.py:190} WARNING - /home/airflow/.local/lib/python3.12/site-packages/airflow/task/task_runner/standard_task_runner.py:70 DeprecationWarning: This process (pid=82) is multi-threaded, use of fork() may lead to deadlocks in the child.
[2024-12-10T05:41:51.494+0000] {standard_task_runner.py:104} INFO - Running: ['airflow', 'tasks', 'run', 'exchange_rate_etl', 'download_file', 'scheduled__2024-12-09T00:00:00+00:00', '--job-id', '58', '--raw', '--subdir', 'DAGS_FOLDER/exchange_rate_pipeline.py', '--cfg-path', '/tmp/tmp5ef8jdq9']
[2024-12-10T05:41:51.500+0000] {standard_task_runner.py:72} INFO - Started process 93 to run task
[2024-12-10T05:41:51.501+0000] {standard_task_runner.py:105} INFO - Job 58: Subtask download_file
[2024-12-10T05:41:51.741+0000] {task_command.py:467} INFO - Running <TaskInstance: exchange_rate_etl.download_file scheduled__2024-12-09T00:00:00+00:00 [running]> on host 3b52651fb1ad
[2024-12-10T05:41:52.083+0000] {taskinstance.py:3132} INFO - Exporting env vars: AIRFLOW_CTX_DAG_OWNER='airflow' AIRFLOW_CTX_DAG_ID='exchange_rate_etl' AIRFLOW_CTX_TASK_ID='download_file' AIRFLOW_CTX_EXECUTION_DATE='2024-12-09T00:00:00+00:00' AIRFLOW_CTX_TRY_NUMBER='1' AIRFLOW_CTX_DAG_RUN_ID='scheduled__2024-12-09T00:00:00+00:00'
[2024-12-10T05:41:52.099+0000] {taskinstance.py:731} INFO - ::endgroup::
[2024-12-10T05:41:52.197+0000] {subprocess.py:78} INFO - Tmp dir root location: /tmp
[2024-12-10T05:41:52.209+0000] {subprocess.py:88} INFO - Running command: ['/usr/bin/bash', '-c', 'curl -o /tmp/xrate.csv https://data-api.ecb.europa.eu/service/data/EXR/M.USD.EUR.SP00.A?format=csvdata']
[2024-12-10T05:41:52.237+0000] {subprocess.py:99} INFO - Output:
[2024-12-10T05:41:52.774+0000] {subprocess.py:106} INFO -   % Total    % Received % Xferd  Average Speed   Time    Time     Time  Current
[2024-12-10T05:41:52.778+0000] {subprocess.py:106} INFO -                                  Dload  Upload   Total   Spent    Left  Speed
[2024-12-10T05:41:54.354+0000] {subprocess.py:106} INFO -   0     0    0     0    0     0      0      0 --:--:-- --:--:-- --:--:--     0  0     0    0     0    0     0      0      0 --:--:-- --:--:-- --:--:--     0  0     0    0     0    0     0      0      0 --:--:--  0:00:01 --:--:--     0100 55051    0 55051    0     0  34814      0 --:--:--  0:00:01 --:--:-- 34820
[2024-12-10T05:41:54.371+0000] {subprocess.py:110} INFO - Command exited with return code 0
[2024-12-10T05:41:54.468+0000] {taskinstance.py:340} INFO - ::group::Post task execution logs
[2024-12-10T05:41:54.469+0000] {taskinstance.py:352} INFO - Marking task as SUCCESS. dag_id=exchange_rate_etl, task_id=download_file, run_id=scheduled__2024-12-09T00:00:00+00:00, execution_date=20241209T000000, start_date=20241210T054151, end_date=20241210T054154
[2024-12-10T05:41:54.619+0000] {local_task_job_runner.py:266} INFO - Task exited with return code 0
[2024-12-10T05:41:54.681+0000] {taskinstance.py:3895} INFO - 1 downstream tasks scheduled from follow-on schedule check
[2024-12-10T05:41:54.696+0000] {local_task_job_runner.py:245} INFO - ::endgroup::
