[2024-12-09T09:23:13.540+0000] {local_task_job_runner.py:123} INFO - ::group::Pre task execution logs
[2024-12-09T09:23:13.572+0000] {taskinstance.py:2613} INFO - Dependencies all met for dep_context=non-requeueable deps ti=<TaskInstance: exchange_rate_etl.download_file scheduled__2024-12-08T00:00:00+00:00 [queued]>
[2024-12-09T09:23:13.594+0000] {taskinstance.py:2613} INFO - Dependencies all met for dep_context=requeueable deps ti=<TaskInstance: exchange_rate_etl.download_file scheduled__2024-12-08T00:00:00+00:00 [queued]>
[2024-12-09T09:23:13.595+0000] {taskinstance.py:2866} INFO - Starting attempt 1 of 3
[2024-12-09T09:23:13.661+0000] {taskinstance.py:2889} INFO - Executing <Task(BashOperator): download_file> on 2024-12-08 00:00:00+00:00
[2024-12-09T09:23:13.704+0000] {standard_task_runner.py:104} INFO - Running: ['airflow', 'tasks', 'run', 'exchange_rate_etl', 'download_file', 'scheduled__2024-12-08T00:00:00+00:00', '--job-id', '39', '--raw', '--subdir', 'DAGS_FOLDER/exchange_rate_pipeline.py', '--cfg-path', '/tmp/tmp4q558at3']
[2024-12-09T09:23:13.706+0000] {logging_mixin.py:190} WARNING - /home/airflow/.local/lib/python3.12/site-packages/airflow/task/task_runner/standard_task_runner.py:70 DeprecationWarning: This process (pid=89) is multi-threaded, use of fork() may lead to deadlocks in the child.
[2024-12-09T09:23:13.729+0000] {standard_task_runner.py:105} INFO - Job 39: Subtask download_file
[2024-12-09T09:23:13.731+0000] {standard_task_runner.py:72} INFO - Started process 99 to run task
[2024-12-09T09:23:14.003+0000] {task_command.py:467} INFO - Running <TaskInstance: exchange_rate_etl.download_file scheduled__2024-12-08T00:00:00+00:00 [running]> on host b632eec79a6b
[2024-12-09T09:23:14.360+0000] {taskinstance.py:3132} INFO - Exporting env vars: AIRFLOW_CTX_DAG_OWNER='airflow' AIRFLOW_CTX_DAG_ID='exchange_rate_etl' AIRFLOW_CTX_TASK_ID='download_file' AIRFLOW_CTX_EXECUTION_DATE='2024-12-08T00:00:00+00:00' AIRFLOW_CTX_TRY_NUMBER='1' AIRFLOW_CTX_DAG_RUN_ID='scheduled__2024-12-08T00:00:00+00:00'
[2024-12-09T09:23:14.362+0000] {taskinstance.py:731} INFO - ::endgroup::
[2024-12-09T09:23:14.401+0000] {subprocess.py:78} INFO - Tmp dir root location: /tmp
[2024-12-09T09:23:14.404+0000] {subprocess.py:88} INFO - Running command: ['/usr/bin/bash', '-c', 'curl -o /tmp/xrate.csv https://data-api.ecb.europa.eu/service/data/EXR/M.USD.EUR.SP00.A?format=csvdata']
[2024-12-09T09:23:14.426+0000] {subprocess.py:99} INFO - Output:
[2024-12-09T09:23:14.625+0000] {subprocess.py:106} INFO -   % Total    % Received % Xferd  Average Speed   Time    Time     Time  Current
[2024-12-09T09:23:14.627+0000] {subprocess.py:106} INFO -                                  Dload  Upload   Total   Spent    Left  Speed
[2024-12-09T09:23:16.026+0000] {subprocess.py:106} INFO -   0     0    0     0    0     0      0      0 --:--:-- --:--:-- --:--:--     0  0     0    0     0    0     0      0      0 --:--:-- --:--:-- --:--:--     0  0     0    0     0    0     0      0      0 --:--:--  0:00:01 --:--:--     0100 55051    0 55051    0     0  39297      0 --:--:--  0:00:01 --:--:-- 39294
[2024-12-09T09:23:16.037+0000] {subprocess.py:110} INFO - Command exited with return code 0
[2024-12-09T09:23:16.287+0000] {taskinstance.py:340} INFO - ::group::Post task execution logs
[2024-12-09T09:23:16.290+0000] {taskinstance.py:352} INFO - Marking task as SUCCESS. dag_id=exchange_rate_etl, task_id=download_file, run_id=scheduled__2024-12-08T00:00:00+00:00, execution_date=20241208T000000, start_date=20241209T092313, end_date=20241209T092316
[2024-12-09T09:23:16.456+0000] {local_task_job_runner.py:266} INFO - Task exited with return code 0
[2024-12-09T09:23:16.588+0000] {taskinstance.py:3895} INFO - 1 downstream tasks scheduled from follow-on schedule check
[2024-12-09T09:23:16.608+0000] {local_task_job_runner.py:245} INFO - ::endgroup::
