[2024-12-07T16:58:50.175+0000] {local_task_job_runner.py:123} INFO - ::group::Pre task execution logs
[2024-12-07T16:58:50.228+0000] {taskinstance.py:2613} INFO - Dependencies all met for dep_context=non-requeueable deps ti=<TaskInstance: exchange_rate_etl.download_file manual__2024-12-07T16:58:25.012434+00:00 [queued]>
[2024-12-07T16:58:50.291+0000] {taskinstance.py:2613} INFO - Dependencies all met for dep_context=requeueable deps ti=<TaskInstance: exchange_rate_etl.download_file manual__2024-12-07T16:58:25.012434+00:00 [queued]>
[2024-12-07T16:58:50.294+0000] {taskinstance.py:2866} INFO - Starting attempt 1 of 3
[2024-12-07T16:58:50.457+0000] {taskinstance.py:2889} INFO - Executing <Task(BashOperator): download_file> on 2024-12-07 16:58:25.012434+00:00
[2024-12-07T16:58:50.520+0000] {logging_mixin.py:190} WARNING - /home/airflow/.local/lib/python3.12/site-packages/airflow/task/task_runner/standard_task_runner.py:70 DeprecationWarning: This process (pid=118) is multi-threaded, use of fork() may lead to deadlocks in the child.
[2024-12-07T16:58:50.520+0000] {standard_task_runner.py:104} INFO - Running: ['airflow', 'tasks', 'run', 'exchange_rate_etl', 'download_file', 'manual__2024-12-07T16:58:25.012434+00:00', '--job-id', '25', '--raw', '--subdir', 'DAGS_FOLDER/exchange_rate_pipeline.py', '--cfg-path', '/tmp/tmpy1bx9mmn']
[2024-12-07T16:58:50.525+0000] {standard_task_runner.py:72} INFO - Started process 128 to run task
[2024-12-07T16:58:50.525+0000] {standard_task_runner.py:105} INFO - Job 25: Subtask download_file
[2024-12-07T16:58:51.047+0000] {task_command.py:467} INFO - Running <TaskInstance: exchange_rate_etl.download_file manual__2024-12-07T16:58:25.012434+00:00 [running]> on host 6f61f2080b50
[2024-12-07T16:58:51.571+0000] {taskinstance.py:3132} INFO - Exporting env vars: AIRFLOW_CTX_DAG_OWNER='airflow' AIRFLOW_CTX_DAG_ID='exchange_rate_etl' AIRFLOW_CTX_TASK_ID='download_file' AIRFLOW_CTX_EXECUTION_DATE='2024-12-07T16:58:25.012434+00:00' AIRFLOW_CTX_TRY_NUMBER='1' AIRFLOW_CTX_DAG_RUN_ID='manual__2024-12-07T16:58:25.012434+00:00'
[2024-12-07T16:58:51.578+0000] {taskinstance.py:731} INFO - ::endgroup::
[2024-12-07T16:58:51.753+0000] {subprocess.py:78} INFO - Tmp dir root location: /tmp
[2024-12-07T16:58:51.760+0000] {subprocess.py:88} INFO - Running command: ['/usr/bin/bash', '-c', 'curl -o /tmp/xrate.csv https://data-api.ecb.europa.eu/service/data/EXR/M.USD.EUR.SP00.A?format=csvdata']
[2024-12-07T16:58:51.819+0000] {subprocess.py:99} INFO - Output:
[2024-12-07T16:58:52.195+0000] {subprocess.py:106} INFO -   % Total    % Received % Xferd  Average Speed   Time    Time     Time  Current
[2024-12-07T16:58:52.199+0000] {subprocess.py:106} INFO -                                  Dload  Upload   Total   Spent    Left  Speed
[2024-12-07T16:58:54.476+0000] {subprocess.py:106} INFO -   0     0    0     0    0     0      0      0 --:--:-- --:--:-- --:--:--     0  0     0    0     0    0     0      0      0 --:--:-- --:--:-- --:--:--     0  0     0    0     0    0     0      0      0 --:--:--  0:00:01 --:--:--     0  0     0    0     0    0     0      0      0 --:--:--  0:00:02 --:--:--     0100 55051    0 55051    0     0  24125      0 --:--:--  0:00:02 --:--:-- 24124
[2024-12-07T16:58:54.501+0000] {subprocess.py:110} INFO - Command exited with return code 0
[2024-12-07T16:58:54.748+0000] {taskinstance.py:340} INFO - ::group::Post task execution logs
[2024-12-07T16:58:54.749+0000] {taskinstance.py:352} INFO - Marking task as SUCCESS. dag_id=exchange_rate_etl, task_id=download_file, run_id=manual__2024-12-07T16:58:25.012434+00:00, execution_date=20241207T165825, start_date=20241207T165850, end_date=20241207T165854
[2024-12-07T16:58:54.858+0000] {local_task_job_runner.py:266} INFO - Task exited with return code 0
[2024-12-07T16:58:54.921+0000] {taskinstance.py:3895} INFO - 1 downstream tasks scheduled from follow-on schedule check
[2024-12-07T16:58:54.940+0000] {local_task_job_runner.py:245} INFO - ::endgroup::
